[23.02.2025 18:50:12]: Program version: Alpha 0.2.3
[23.02.2025 18:50:14]: System.Exception: Произошла ошибка при загрузке файла настроек "configs\settings.json". Причина: Не удалось найти часть пути "D:\GitHub\DWLTD". ---> System.IO.DirectoryNotFoundException: Не удалось найти часть пути "D:\GitHub\DWLTD".
   в System.IO.__Error.WinIOError(Int32 errorCode, String maybeFullPath)
   в System.IO.FileSystemEnumerableIterator`1.CommonInit()
   в System.IO.FileSystemEnumerableIterator`1..ctor(String path, String originalUserPath, String searchPattern, SearchOption searchOption, SearchResultHandler`1 resultHandler, Boolean checkHost)
   в System.IO.Directory.GetFiles(String path)
   в HOI4ModBuilder.src.Settings.LoadModDescriptor(String path)
   в HOI4ModBuilder.src.Settings.LoadModDescriptors()
   в HOI4ModBuilder.src.SettingsManager.Init()
   --- Конец трассировки внутреннего стека исключений ---
   в HOI4ModBuilder.src.SettingsManager.Init()
   в HOI4ModBuilder.MainForm.<AfterFirstMainFormInit>b__26_0()
   в HOI4ModBuilder.src.utils.Logger.TryOrLog(Action action)
[23.02.2025 18:50:14]: EXCEPTION: System.Exception: Произошла ошибка при загрузке файла настроек "configs\settings.json". Причина: Не удалось найти часть пути "D:\GitHub\DWLTD". ---> System.IO.DirectoryNotFoundException: Не удалось найти часть пути "D:\GitHub\DWLTD".
   в System.IO.__Error.WinIOError(Int32 errorCode, String maybeFullPath)
   в System.IO.FileSystemEnumerableIterator`1.CommonInit()
   в System.IO.FileSystemEnumerableIterator`1..ctor(String path, String originalUserPath, String searchPattern, SearchOption searchOption, SearchResultHandler`1 resultHandler, Boolean checkHost)
   в System.IO.Directory.GetFiles(String path)
   в HOI4ModBuilder.src.Settings.LoadModDescriptor(String path)
   в HOI4ModBuilder.src.Settings.LoadModDescriptors()
   в HOI4ModBuilder.src.SettingsManager.Init()
   --- Конец трассировки внутреннего стека исключений ---
   в HOI4ModBuilder.src.SettingsManager.Init()
   в HOI4ModBuilder.MainForm.<AfterFirstMainFormInit>b__26_0()
   в HOI4ModBuilder.src.utils.Logger.TryOrLog(Action action)

